<?xml version="1.0" encoding="UTF-8"?>
<testsuite xmlns:xsi="http://www.w3.org/2001/XMLSchema-instance" xsi:noNamespaceSchemaLocation="https://maven.apache.org/surefire/maven-surefire-plugin/xsd/surefire-test-report.xsd" name="pl.wit.projekt.ParameterSetTest" time="0.014" tests="6" errors="0" skipped="0" failures="0">
  <properties>
[...]
</properties>
  <testcase name="creatingParameterSetWithWrongNumOfThreadsTest" classname="pl.wit.projekt.ParameterSetTest" time="0.008"/>
  <testcase name="creatingParameterSetWithNonexistentSrcPathTest" classname="pl.wit.projekt.ParameterSetTest" time="0.001"/>
  <testcase name="creatingParameterSetWithNonexistentDstPathTest" classname="pl.wit.projekt.ParameterSetTest" time="0"/>
  <testcase name="creatingParameterSetWithNullPathTest" classname="pl.wit.projekt.ParameterSetTest" time="0"/>
  <testcase name="creatingParameterSetWithWrongPathTest" classname="pl.wit.projekt.ParameterSetTest" time="0"/>
  <testcase name="creatingParameterSetTest" classname="pl.wit.projekt.ParameterSetTest" time="0.001"/>
</testsuite>