DEBUG [main]: -------------------------------------------------
DEBUG [main]: Test runWhenNumOfThreadsIsWrongNumberTest execution
ERROR [main]: Wrong number of threads
DEBUG [main]: pl.wit.projekt.BadParameterException: Wrong number of threads
pl.wit.projekt.BadParameterException: Wrong number of threads
	at pl.wit.projekt.ParameterSet.<init>(ParameterSet.java:45)
	at pl.wit.projekt.App.main(App.java:36)
	at pl.wit.projekt.AppTest.runWhenNumOfThreadsIsWrongNumberTest(AppTest.java:252)
	at java.base/jdk.internal.reflect.NativeMethodAccessorImpl.invoke0(Native Method)
	at java.base/jdk.internal.reflect.NativeMethodAccessorImpl.invoke(NativeMethodAccessorImpl.java:77)
	at java.base/jdk.internal.reflect.DelegatingMethodAccessorImpl.invoke(DelegatingMethodAccessorImpl.java:43)
	at java.base/java.lang.reflect.Method.invoke(Method.java:568)
	at org.junit.runners.model.FrameworkMethod$1.runReflectiveCall(FrameworkMethod.java:47)
	at org.junit.internal.runners.model.ReflectiveCallable.run(ReflectiveCallable.java:12)
	at org.junit.runners.model.FrameworkMethod.invokeExplosively(FrameworkMethod.java:44)
	at org.junit.internal.runners.statements.InvokeMethod.evaluate(InvokeMethod.java:17)
	at org.junit.internal.runners.statements.RunBefores.evaluate(RunBefores.java:26)
	at org.junit.internal.runners.statements.RunAfters.evaluate(RunAfters.java:27)
	at org.junit.runners.ParentRunner.runLeaf(ParentRunner.java:271)
	at org.junit.runners.BlockJUnit4ClassRunner.runChild(BlockJUnit4ClassRunner.java:70)
	at org.junit.runners.BlockJUnit4ClassRunner.runChild(BlockJUnit4ClassRunner.java:50)
	at org.junit.runners.ParentRunner$3.run(ParentRunner.java:238)
	at org.junit.runners.ParentRunner$1.schedule(ParentRunner.java:63)
	at org.junit.runners.ParentRunner.runChildren(ParentRunner.java:236)
	at org.junit.runners.ParentRunner.access$000(ParentRunner.java:53)
	at org.junit.runners.ParentRunner$2.evaluate(ParentRunner.java:229)
	at org.junit.internal.runners.statements.RunBefores.evaluate(RunBefores.java:26)
	at org.junit.internal.runners.statements.RunAfters.evaluate(RunAfters.java:27)
	at org.junit.runners.ParentRunner.run(ParentRunner.java:309)
	at org.apache.maven.surefire.junit4.JUnit4Provider.execute(JUnit4Provider.java:365)
	at org.apache.maven.surefire.junit4.JUnit4Provider.executeWithRerun(JUnit4Provider.java:273)
	at org.apache.maven.surefire.junit4.JUnit4Provider.executeTestSet(JUnit4Provider.java:238)
	at org.apache.maven.surefire.junit4.JUnit4Provider.invoke(JUnit4Provider.java:159)
	at org.apache.maven.surefire.booter.ForkedBooter.invokeProviderInSameClassLoader(ForkedBooter.java:384)
	at org.apache.maven.surefire.booter.ForkedBooter.runSuitesInProcess(ForkedBooter.java:345)
	at org.apache.maven.surefire.booter.ForkedBooter.execute(ForkedBooter.java:126)
	at org.apache.maven.surefire.booter.ForkedBooter.main(ForkedBooter.java:418)
DEBUG [main]: -------------------------------------------------
DEBUG [main]: Test runWhenDstPathIsNotFolderTest execution
ERROR [main]: Path parameter is not a directory
DEBUG [main]: pl.wit.projekt.BadParameterException: Path parameter is not a directory
pl.wit.projekt.BadParameterException: Path parameter is not a directory
	at pl.wit.projekt.ParameterSet.<init>(ParameterSet.java:42)
	at pl.wit.projekt.App.main(App.java:36)
	at pl.wit.projekt.AppTest.runWhenDstPathIsNotFolderTest(AppTest.java:204)
	at java.base/jdk.internal.reflect.NativeMethodAccessorImpl.invoke0(Native Method)
	at java.base/jdk.internal.reflect.NativeMethodAccessorImpl.invoke(NativeMethodAccessorImpl.java:77)
	at java.base/jdk.internal.reflect.DelegatingMethodAccessorImpl.invoke(DelegatingMethodAccessorImpl.java:43)
	at java.base/java.lang.reflect.Method.invoke(Method.java:568)
	at org.junit.runners.model.FrameworkMethod$1.runReflectiveCall(FrameworkMethod.java:47)
	at org.junit.internal.runners.model.ReflectiveCallable.run(ReflectiveCallable.java:12)
	at org.junit.runners.model.FrameworkMethod.invokeExplosively(FrameworkMethod.java:44)
	at org.junit.internal.runners.statements.InvokeMethod.evaluate(InvokeMethod.java:17)
	at org.junit.internal.runners.statements.RunBefores.evaluate(RunBefores.java:26)
	at org.junit.internal.runners.statements.RunAfters.evaluate(RunAfters.java:27)
	at org.junit.runners.ParentRunner.runLeaf(ParentRunner.java:271)
	at org.junit.runners.BlockJUnit4ClassRunner.runChild(BlockJUnit4ClassRunner.java:70)
	at org.junit.runners.BlockJUnit4ClassRunner.runChild(BlockJUnit4ClassRunner.java:50)
	at org.junit.runners.ParentRunner$3.run(ParentRunner.java:238)
	at org.junit.runners.ParentRunner$1.schedule(ParentRunner.java:63)
	at org.junit.runners.ParentRunner.runChildren(ParentRunner.java:236)
	at org.junit.runners.ParentRunner.access$000(ParentRunner.java:53)
	at org.junit.runners.ParentRunner$2.evaluate(ParentRunner.java:229)
	at org.junit.internal.runners.statements.RunBefores.evaluate(RunBefores.java:26)
	at org.junit.internal.runners.statements.RunAfters.evaluate(RunAfters.java:27)
	at org.junit.runners.ParentRunner.run(ParentRunner.java:309)
	at org.apache.maven.surefire.junit4.JUnit4Provider.execute(JUnit4Provider.java:365)
	at org.apache.maven.surefire.junit4.JUnit4Provider.executeWithRerun(JUnit4Provider.java:273)
	at org.apache.maven.surefire.junit4.JUnit4Provider.executeTestSet(JUnit4Provider.java:238)
	at org.apache.maven.surefire.junit4.JUnit4Provider.invoke(JUnit4Provider.java:159)
	at org.apache.maven.surefire.booter.ForkedBooter.invokeProviderInSameClassLoader(ForkedBooter.java:384)
	at org.apache.maven.surefire.booter.ForkedBooter.runSuitesInProcess(ForkedBooter.java:345)
	at org.apache.maven.surefire.booter.ForkedBooter.execute(ForkedBooter.java:126)
	at org.apache.maven.surefire.booter.ForkedBooter.main(ForkedBooter.java:418)
DEBUG [main]: -------------------------------------------------
DEBUG [main]: Test correctRunTest execution
INFO  [pool-2-thread-3]: File src\test\resources\source-test-folder\f1\f1-img-640x400.jpg was copied successfully to folder 2021-12-12 with name: 3.jpg
INFO  [pool-2-thread-5]: File src\test\resources\source-test-folder\img-640x400.jpg was copied successfully to folder 2021-12-12 with name: 1.jpg
INFO  [pool-2-thread-7]: File src\test\resources\source-test-folder\img-1800x2500.jpg was copied successfully to folder 2022-05-19 with name: 1.jpg
INFO  [pool-2-thread-6]: File src\test\resources\source-test-folder\f4\f4-img-850x850.jpg was copied successfully to folder 2021-09-02 with name: 1.jpg
INFO  [pool-2-thread-2]: File src\test\resources\source-test-folder\f5\img-1800x2500.jpe was copied successfully to folder 2021-12-12 with name: 4.jpe
INFO  [pool-2-thread-4]: File src\test\resources\source-test-folder\f4\f4-img-640x400.jpg was copied successfully to folder 2021-12-12 with name: 5.jpg
INFO  [pool-2-thread-3]: File src\test\resources\source-test-folder\img-850x850.jpg was copied successfully to folder 2022-09-02 with name: 1.jpg
INFO  [pool-2-thread-2]: File src\test\resources\source-test-folder\f1\f1-img-1800x2500.jpeg was copied successfully to folder 2021-05-19 with name: 1.jpeg
INFO  [pool-2-thread-1]: File src\test\resources\source-test-folder\f4\f41\f4-img-2900x1880.jpg was copied successfully to folder 2021-12-12 with name: 2.jpg
INFO  [pool-2-thread-6]: File src\test\resources\source-test-folder\f5\img-640x400.JPG was copied successfully to folder 2011-01-01 with name: 1.JPG
INFO  [pool-2-thread-4]: File src\test\resources\source-test-folder\f1\f1-img-850x850.jpg was copied successfully to folder 2021-05-18 with name: 1.jpg
INFO  [pool-2-thread-5]: File src\test\resources\source-test-folder\f4\f41\f4-img-1800x2500.jpg was copied successfully to folder 2021-09-02 with name: 2.jpg
INFO  [pool-2-thread-8]: File src\test\resources\source-test-folder\img-2900x1880.jpg was copied successfully to folder 2022-04-18 with name: 1.jpg
INFO  [pool-2-thread-3]: File src\test\resources\source-test-folder\f5\img-850x850.jfif was copied successfully to folder 2021-09-02 with name: 3.jfif
INFO  [pool-2-thread-7]: File src\test\resources\source-test-folder\f5\img-2900x1880.JPEG was copied successfully to folder 2022-04-18 with name: 2.JPEG
DEBUG [main]: -------------------------------------------------
DEBUG [main]: Test runWhenNumOfThreadsIsNotNumber execution
ERROR [main]: Third argument must be a number
DEBUG [main]: java.lang.NumberFormatException: For input string: "a"
java.lang.NumberFormatException: For input string: "a"
	at java.base/java.lang.NumberFormatException.forInputString(NumberFormatException.java:67)
	at java.base/java.lang.Integer.parseInt(Integer.java:668)
	at java.base/java.lang.Byte.parseByte(Byte.java:193)
	at java.base/java.lang.Byte.parseByte(Byte.java:219)
	at pl.wit.projekt.App.main(App.java:36)
	at pl.wit.projekt.AppTest.runWhenNumOfThreadsIsNotNumberTest(AppTest.java:238)
	at java.base/jdk.internal.reflect.NativeMethodAccessorImpl.invoke0(Native Method)
	at java.base/jdk.internal.reflect.NativeMethodAccessorImpl.invoke(NativeMethodAccessorImpl.java:77)
	at java.base/jdk.internal.reflect.DelegatingMethodAccessorImpl.invoke(DelegatingMethodAccessorImpl.java:43)
	at java.base/java.lang.reflect.Method.invoke(Method.java:568)
	at org.junit.runners.model.FrameworkMethod$1.runReflectiveCall(FrameworkMethod.java:47)
	at org.junit.internal.runners.model.ReflectiveCallable.run(ReflectiveCallable.java:12)
	at org.junit.runners.model.FrameworkMethod.invokeExplosively(FrameworkMethod.java:44)
	at org.junit.internal.runners.statements.InvokeMethod.evaluate(InvokeMethod.java:17)
	at org.junit.internal.runners.statements.RunBefores.evaluate(RunBefores.java:26)
	at org.junit.internal.runners.statements.RunAfters.evaluate(RunAfters.java:27)
	at org.junit.runners.ParentRunner.runLeaf(ParentRunner.java:271)
	at org.junit.runners.BlockJUnit4ClassRunner.runChild(BlockJUnit4ClassRunner.java:70)
	at org.junit.runners.BlockJUnit4ClassRunner.runChild(BlockJUnit4ClassRunner.java:50)
	at org.junit.runners.ParentRunner$3.run(ParentRunner.java:238)
	at org.junit.runners.ParentRunner$1.schedule(ParentRunner.java:63)
	at org.junit.runners.ParentRunner.runChildren(ParentRunner.java:236)
	at org.junit.runners.ParentRunner.access$000(ParentRunner.java:53)
	at org.junit.runners.ParentRunner$2.evaluate(ParentRunner.java:229)
	at org.junit.internal.runners.statements.RunBefores.evaluate(RunBefores.java:26)
	at org.junit.internal.runners.statements.RunAfters.evaluate(RunAfters.java:27)
	at org.junit.runners.ParentRunner.run(ParentRunner.java:309)
	at org.apache.maven.surefire.junit4.JUnit4Provider.execute(JUnit4Provider.java:365)
	at org.apache.maven.surefire.junit4.JUnit4Provider.executeWithRerun(JUnit4Provider.java:273)
	at org.apache.maven.surefire.junit4.JUnit4Provider.executeTestSet(JUnit4Provider.java:238)
	at org.apache.maven.surefire.junit4.JUnit4Provider.invoke(JUnit4Provider.java:159)
	at org.apache.maven.surefire.booter.ForkedBooter.invokeProviderInSameClassLoader(ForkedBooter.java:384)
	at org.apache.maven.surefire.booter.ForkedBooter.runSuitesInProcess(ForkedBooter.java:345)
	at org.apache.maven.surefire.booter.ForkedBooter.execute(ForkedBooter.java:126)
	at org.apache.maven.surefire.booter.ForkedBooter.main(ForkedBooter.java:418)
DEBUG [main]: -------------------------------------------------
DEBUG [main]: Test runWhenSrcPathDoesNotExistTest execution
ERROR [main]: Path parameter cannot be resolved
DEBUG [main]: pl.wit.projekt.BadParameterException: Path parameter cannot be resolved
pl.wit.projekt.BadParameterException: Path parameter cannot be resolved
	at pl.wit.projekt.ParameterSet.<init>(ParameterSet.java:38)
	at pl.wit.projekt.App.main(App.java:36)
	at pl.wit.projekt.AppTest.runWhenSrcPathDoesNotExistTest(AppTest.java:130)
	at java.base/jdk.internal.reflect.NativeMethodAccessorImpl.invoke0(Native Method)
	at java.base/jdk.internal.reflect.NativeMethodAccessorImpl.invoke(NativeMethodAccessorImpl.java:77)
	at java.base/jdk.internal.reflect.DelegatingMethodAccessorImpl.invoke(DelegatingMethodAccessorImpl.java:43)
	at java.base/java.lang.reflect.Method.invoke(Method.java:568)
	at org.junit.runners.model.FrameworkMethod$1.runReflectiveCall(FrameworkMethod.java:47)
	at org.junit.internal.runners.model.ReflectiveCallable.run(ReflectiveCallable.java:12)
	at org.junit.runners.model.FrameworkMethod.invokeExplosively(FrameworkMethod.java:44)
	at org.junit.internal.runners.statements.InvokeMethod.evaluate(InvokeMethod.java:17)
	at org.junit.internal.runners.statements.RunBefores.evaluate(RunBefores.java:26)
	at org.junit.internal.runners.statements.RunAfters.evaluate(RunAfters.java:27)
	at org.junit.runners.ParentRunner.runLeaf(ParentRunner.java:271)
	at org.junit.runners.BlockJUnit4ClassRunner.runChild(BlockJUnit4ClassRunner.java:70)
	at org.junit.runners.BlockJUnit4ClassRunner.runChild(BlockJUnit4ClassRunner.java:50)
	at org.junit.runners.ParentRunner$3.run(ParentRunner.java:238)
	at org.junit.runners.ParentRunner$1.schedule(ParentRunner.java:63)
	at org.junit.runners.ParentRunner.runChildren(ParentRunner.java:236)
	at org.junit.runners.ParentRunner.access$000(ParentRunner.java:53)
	at org.junit.runners.ParentRunner$2.evaluate(ParentRunner.java:229)
	at org.junit.internal.runners.statements.RunBefores.evaluate(RunBefores.java:26)
	at org.junit.internal.runners.statements.RunAfters.evaluate(RunAfters.java:27)
	at org.junit.runners.ParentRunner.run(ParentRunner.java:309)
	at org.apache.maven.surefire.junit4.JUnit4Provider.execute(JUnit4Provider.java:365)
	at org.apache.maven.surefire.junit4.JUnit4Provider.executeWithRerun(JUnit4Provider.java:273)
	at org.apache.maven.surefire.junit4.JUnit4Provider.executeTestSet(JUnit4Provider.java:238)
	at org.apache.maven.surefire.junit4.JUnit4Provider.invoke(JUnit4Provider.java:159)
	at org.apache.maven.surefire.booter.ForkedBooter.invokeProviderInSameClassLoader(ForkedBooter.java:384)
	at org.apache.maven.surefire.booter.ForkedBooter.runSuitesInProcess(ForkedBooter.java:345)
	at org.apache.maven.surefire.booter.ForkedBooter.execute(ForkedBooter.java:126)
	at org.apache.maven.surefire.booter.ForkedBooter.main(ForkedBooter.java:418)
DEBUG [main]: -------------------------------------------------
DEBUG [main]: Test runWhenDstPathIsNotEmptyTest execution
ERROR [main]: Source directory is not empty. File organizing cannot be performed
DEBUG [main]: pl.wit.projekt.BadParameterException: Source directory is not empty. File organizing cannot be performed
pl.wit.projekt.BadParameterException: Source directory is not empty. File organizing cannot be performed
	at pl.wit.projekt.FileOrganizer.organize(FileOrganizer.java:100)
	at pl.wit.projekt.App.main(App.java:51)
	at pl.wit.projekt.AppTest.runWhenDstPathIsNotEmptyTest(AppTest.java:224)
	at java.base/jdk.internal.reflect.NativeMethodAccessorImpl.invoke0(Native Method)
	at java.base/jdk.internal.reflect.NativeMethodAccessorImpl.invoke(NativeMethodAccessorImpl.java:77)
	at java.base/jdk.internal.reflect.DelegatingMethodAccessorImpl.invoke(DelegatingMethodAccessorImpl.java:43)
	at java.base/java.lang.reflect.Method.invoke(Method.java:568)
	at org.junit.runners.model.FrameworkMethod$1.runReflectiveCall(FrameworkMethod.java:47)
	at org.junit.internal.runners.model.ReflectiveCallable.run(ReflectiveCallable.java:12)
	at org.junit.runners.model.FrameworkMethod.invokeExplosively(FrameworkMethod.java:44)
	at org.junit.internal.runners.statements.InvokeMethod.evaluate(InvokeMethod.java:17)
	at org.junit.internal.runners.statements.RunBefores.evaluate(RunBefores.java:26)
	at org.junit.internal.runners.statements.RunAfters.evaluate(RunAfters.java:27)
	at org.junit.runners.ParentRunner.runLeaf(ParentRunner.java:271)
	at org.junit.runners.BlockJUnit4ClassRunner.runChild(BlockJUnit4ClassRunner.java:70)
	at org.junit.runners.BlockJUnit4ClassRunner.runChild(BlockJUnit4ClassRunner.java:50)
	at org.junit.runners.ParentRunner$3.run(ParentRunner.java:238)
	at org.junit.runners.ParentRunner$1.schedule(ParentRunner.java:63)
	at org.junit.runners.ParentRunner.runChildren(ParentRunner.java:236)
	at org.junit.runners.ParentRunner.access$000(ParentRunner.java:53)
	at org.junit.runners.ParentRunner$2.evaluate(ParentRunner.java:229)
	at org.junit.internal.runners.statements.RunBefores.evaluate(RunBefores.java:26)
	at org.junit.internal.runners.statements.RunAfters.evaluate(RunAfters.java:27)
	at org.junit.runners.ParentRunner.run(ParentRunner.java:309)
	at org.apache.maven.surefire.junit4.JUnit4Provider.execute(JUnit4Provider.java:365)
	at org.apache.maven.surefire.junit4.JUnit4Provider.executeWithRerun(JUnit4Provider.java:273)
	at org.apache.maven.surefire.junit4.JUnit4Provider.executeTestSet(JUnit4Provider.java:238)
	at org.apache.maven.surefire.junit4.JUnit4Provider.invoke(JUnit4Provider.java:159)
	at org.apache.maven.surefire.booter.ForkedBooter.invokeProviderInSameClassLoader(ForkedBooter.java:384)
	at org.apache.maven.surefire.booter.ForkedBooter.runSuitesInProcess(ForkedBooter.java:345)
	at org.apache.maven.surefire.booter.ForkedBooter.execute(ForkedBooter.java:126)
	at org.apache.maven.surefire.booter.ForkedBooter.main(ForkedBooter.java:418)
DEBUG [main]: -------------------------------------------------
DEBUG [main]: Test runWhenDstPathDoesNotExistTest execution
INFO  [pool-3-thread-4]: File src\test\resources\source-test-folder\f4\f4-img-640x400.jpg was copied successfully to folder 2021-09-02 with name: 1.jpg
INFO  [pool-3-thread-5]: File src\test\resources\source-test-folder\img-640x400.jpg was copied successfully to folder 2022-05-18 with name: 1.jpg
INFO  [pool-3-thread-3]: File src\test\resources\source-test-folder\f1\f1-img-640x400.jpg was copied successfully to folder 2021-09-02 with name: 2.jpg
INFO  [pool-3-thread-2]: File src\test\resources\source-test-folder\f5\img-1800x2500.jpe was copied successfully to folder 2021-12-12 with name: 2.jpe
INFO  [pool-3-thread-7]: File src\test\resources\source-test-folder\img-1800x2500.jpg was copied successfully to folder 2022-05-19 with name: 1.jpg
INFO  [pool-3-thread-1]: File src\test\resources\source-test-folder\f4\f41\f4-img-2900x1880.jpg was copied successfully to folder 2021-12-12 with name: 1.jpg
INFO  [pool-3-thread-4]: File src\test\resources\source-test-folder\img-850x850.jpg was copied successfully to folder 2022-05-18 with name: 2.jpg
INFO  [pool-3-thread-6]: File src\test\resources\source-test-folder\f4\f4-img-850x850.jpg was copied successfully to folder 2021-09-02 with name: 3.jpg
INFO  [pool-3-thread-2]: File src\test\resources\source-test-folder\f5\img-640x400.JPG was copied successfully to folder 2011-01-01 with name: 1.JPG
INFO  [pool-3-thread-5]: File src\test\resources\source-test-folder\f4\f41\f4-img-1800x2500.jpg was copied successfully to folder 2021-09-02 with name: 4.jpg
INFO  [pool-3-thread-1]: File src\test\resources\source-test-folder\f1\f1-img-850x850.jpg was copied successfully to folder 2021-05-18 with name: 2.jpg
INFO  [pool-3-thread-4]: File src\test\resources\source-test-folder\f5\img-850x850.jfif was copied successfully to folder 2021-09-02 with name: 5.jfif
INFO  [pool-3-thread-7]: File src\test\resources\source-test-folder\f1\f1-img-1800x2500.jpeg was copied successfully to folder 2021-05-18 with name: 1.jpeg
INFO  [pool-3-thread-8]: File src\test\resources\source-test-folder\img-2900x1880.jpg was copied successfully to folder 2022-04-18 with name: 1.jpg
INFO  [pool-3-thread-3]: File src\test\resources\source-test-folder\f5\img-2900x1880.JPEG was copied successfully to folder 2022-04-18 with name: 2.JPEG
DEBUG [main]: -------------------------------------------------
DEBUG [main]: Test runWhenSrcPathIsNotFolderTest execution
ERROR [main]: Path parameter is not a directory
DEBUG [main]: pl.wit.projekt.BadParameterException: Path parameter is not a directory
pl.wit.projekt.BadParameterException: Path parameter is not a directory
	at pl.wit.projekt.ParameterSet.<init>(ParameterSet.java:42)
	at pl.wit.projekt.App.main(App.java:36)
	at pl.wit.projekt.AppTest.runWhenSrcPathIsNotFolderTest(AppTest.java:144)
	at java.base/jdk.internal.reflect.NativeMethodAccessorImpl.invoke0(Native Method)
	at java.base/jdk.internal.reflect.NativeMethodAccessorImpl.invoke(NativeMethodAccessorImpl.java:77)
	at java.base/jdk.internal.reflect.DelegatingMethodAccessorImpl.invoke(DelegatingMethodAccessorImpl.java:43)
	at java.base/java.lang.reflect.Method.invoke(Method.java:568)
	at org.junit.runners.model.FrameworkMethod$1.runReflectiveCall(FrameworkMethod.java:47)
	at org.junit.internal.runners.model.ReflectiveCallable.run(ReflectiveCallable.java:12)
	at org.junit.runners.model.FrameworkMethod.invokeExplosively(FrameworkMethod.java:44)
	at org.junit.internal.runners.statements.InvokeMethod.evaluate(InvokeMethod.java:17)
	at org.junit.internal.runners.statements.RunBefores.evaluate(RunBefores.java:26)
	at org.junit.internal.runners.statements.RunAfters.evaluate(RunAfters.java:27)
	at org.junit.runners.ParentRunner.runLeaf(ParentRunner.java:271)
	at org.junit.runners.BlockJUnit4ClassRunner.runChild(BlockJUnit4ClassRunner.java:70)
	at org.junit.runners.BlockJUnit4ClassRunner.runChild(BlockJUnit4ClassRunner.java:50)
	at org.junit.runners.ParentRunner$3.run(ParentRunner.java:238)
	at org.junit.runners.ParentRunner$1.schedule(ParentRunner.java:63)
	at org.junit.runners.ParentRunner.runChildren(ParentRunner.java:236)
	at org.junit.runners.ParentRunner.access$000(ParentRunner.java:53)
	at org.junit.runners.ParentRunner$2.evaluate(ParentRunner.java:229)
	at org.junit.internal.runners.statements.RunBefores.evaluate(RunBefores.java:26)
	at org.junit.internal.runners.statements.RunAfters.evaluate(RunAfters.java:27)
	at org.junit.runners.ParentRunner.run(ParentRunner.java:309)
	at org.apache.maven.surefire.junit4.JUnit4Provider.execute(JUnit4Provider.java:365)
	at org.apache.maven.surefire.junit4.JUnit4Provider.executeWithRerun(JUnit4Provider.java:273)
	at org.apache.maven.surefire.junit4.JUnit4Provider.executeTestSet(JUnit4Provider.java:238)
	at org.apache.maven.surefire.junit4.JUnit4Provider.invoke(JUnit4Provider.java:159)
	at org.apache.maven.surefire.booter.ForkedBooter.invokeProviderInSameClassLoader(ForkedBooter.java:384)
	at org.apache.maven.surefire.booter.ForkedBooter.runSuitesInProcess(ForkedBooter.java:345)
	at org.apache.maven.surefire.booter.ForkedBooter.execute(ForkedBooter.java:126)
	at org.apache.maven.surefire.booter.ForkedBooter.main(ForkedBooter.java:418)
